{"/app/backend/jest.config.ts": {"path":"/app/backend/jest.config.ts","statementMap":{"0":{"start":{"line":1,"column":0},"end":{"line":13,"column":2}}},"fnMap":{},"branchMap":{},"s":{"0":0},"f":{},"b":{}}
,"/app/backend/schema.ts": {"path":"/app/backend/schema.ts","statementMap":{"0":{"start":{"line":1,"column":0},"end":{"line":1,"column":24}},"1":{"start":{"line":4,"column":13},"end":{"line":10,"column":3}},"2":{"start":{"line":12,"column":13},"end":{"line":16,"column":3}},"3":{"start":{"line":18,"column":13},"end":{"line":23,"column":3}},"4":{"start":{"line":25,"column":13},"end":{"line":31,"column":3}},"5":{"start":{"line":34,"column":13},"end":{"line":44,"column":3}},"6":{"start":{"line":46,"column":13},"end":{"line":55,"column":3}},"7":{"start":{"line":57,"column":13},"end":{"line":67,"column":3}},"8":{"start":{"line":69,"column":13},"end":{"line":80,"column":3}},"9":{"start":{"line":83,"column":13},"end":{"line":93,"column":3}},"10":{"start":{"line":95,"column":13},"end":{"line":104,"column":3}},"11":{"start":{"line":106,"column":13},"end":{"line":116,"column":3}},"12":{"start":{"line":118,"column":13},"end":{"line":127,"column":3}},"13":{"start":{"line":130,"column":13},"end":{"line":137,"column":3}},"14":{"start":{"line":139,"column":13},"end":{"line":144,"column":3}},"15":{"start":{"line":146,"column":13},"end":{"line":152,"column":3}},"16":{"start":{"line":154,"column":13},"end":{"line":163,"column":3}},"17":{"start":{"line":166,"column":13},"end":{"line":173,"column":3}},"18":{"start":{"line":175,"column":13},"end":{"line":180,"column":3}},"19":{"start":{"line":182,"column":13},"end":{"line":188,"column":3}},"20":{"start":{"line":190,"column":13},"end":{"line":199,"column":3}},"21":{"start":{"line":202,"column":13},"end":{"line":208,"column":3}},"22":{"start":{"line":210,"column":13},"end":{"line":214,"column":3}},"23":{"start":{"line":216,"column":13},"end":{"line":221,"column":3}},"24":{"start":{"line":223,"column":13},"end":{"line":231,"column":3}},"25":{"start":{"line":234,"column":13},"end":{"line":244,"column":3}},"26":{"start":{"line":246,"column":13},"end":{"line":255,"column":3}},"27":{"start":{"line":257,"column":13},"end":{"line":267,"column":3}},"28":{"start":{"line":269,"column":13},"end":{"line":277,"column":3}}},"fnMap":{},"branchMap":{},"s":{"0":0,"1":0,"2":0,"3":0,"4":0,"5":0,"6":0,"7":0,"8":0,"9":0,"10":0,"11":0,"12":0,"13":0,"14":0,"15":0,"16":0,"17":0,"18":0,"19":0,"20":0,"21":0,"22":0,"23":0,"24":0,"25":0,"26":0,"27":0,"28":0},"f":{},"b":{}}
,"/app/backend/dist/jest.config.d.ts": {"path":"/app/backend/dist/jest.config.d.ts","statementMap":{},"fnMap":{},"branchMap":{},"s":{},"f":{},"b":{}}
,"/app/backend/dist/schema.d.ts": {"path":"/app/backend/dist/schema.d.ts","statementMap":{},"fnMap":{},"branchMap":{},"s":{},"f":{},"b":{}}
,"/app/backend/dist/server.d.ts": {"path":"/app/backend/dist/server.d.ts","statementMap":{},"fnMap":{},"branchMap":{},"s":{},"f":{},"b":{}}
,"/app/backend/dist/server.test.d.ts": {"path":"/app/backend/dist/server.test.d.ts","statementMap":{},"fnMap":{},"branchMap":{},"s":{},"f":{},"b":{}}
}
