TN:
SF:jest.config.ts
FNF:0
FNH:0
DA:1,0
LF:1
LH:0
BRF:0
BRH:0
end_of_record
TN:
SF:schema.ts
FNF:0
FNH:0
DA:1,0
DA:4,0
DA:12,0
DA:18,0
DA:25,0
DA:34,0
DA:46,0
DA:57,0
DA:69,0
DA:83,0
DA:95,0
DA:106,0
DA:118,0
DA:130,0
DA:139,0
DA:146,0
DA:154,0
DA:166,0
DA:175,0
DA:182,0
DA:190,0
DA:202,0
DA:210,0
DA:216,0
DA:223,0
DA:234,0
DA:246,0
DA:257,0
DA:269,0
LF:29
LH:0
BRF:0
BRH:0
end_of_record
TN:
SF:dist/jest.config.d.ts
FNF:0
FNH:0
LF:0
LH:0
BRF:0
BRH:0
end_of_record
TN:
SF:dist/schema.d.ts
FNF:0
FNH:0
LF:0
LH:0
BRF:0
BRH:0
end_of_record
TN:
SF:dist/server.d.ts
FNF:0
FNH:0
LF:0
LH:0
BRF:0
BRH:0
end_of_record
TN:
SF:dist/server.test.d.ts
FNF:0
FNH:0
LF:0
LH:0
BRF:0
BRH:0
end_of_record
